#
# A fatal error has been detected by the Java Runtime Environment:
#
#  Internal Error (javaCalls.cpp:51), pid=98692, tid=0x0000000000014c8c
#  guarantee(thread->is_Java_thread()) failed: crucial check - the VM thread cannot and must not escape to Java code
#
# JRE version: Java(TM) SE Runtime Environment (8.0_251-b08) (build 1.8.0_251-b08)
# Java VM: Java HotSpot(TM) 64-Bit Server VM (25.251-b08 mixed mode windows-amd64 compressed oops)
# Failed to write core dump. Minidumps are not enabled by default on client versions of Windows
#
# If you would like to submit a bug report, please visit:
#   http://bugreport.java.com/bugreport/crash.jsp
#

---------------  T H R E A D  ---------------

Current thread (0x00000000173a7800):  VMThread [stack: 0x0000000018430000,0x0000000018530000] [id=85132]

Stack: [0x0000000018430000,0x0000000018530000]
[error occurred during error reporting (printing stack bounds), id 0xc0000005]

Native frames: (J=compiled Java code, j=interpreted, Vv=VM code, C=native code)

VM_Operation (0x0000000018e2f1d0): GetOrSetLocal, mode: safepoint, requested by thread 0x0000000018936000


---------------  P R O C E S S  ---------------

Java Threads: ( => current thread )
  0x00000000189ea000 JavaThread "Service Thread" daemon [_thread_blocked, id=94088, stack(0x00000000193d0000,0x00000000194d0000)]
  0x00000000189de800 JavaThread "C1 CompilerThread2" daemon [_thread_blocked, id=82244, stack(0x00000000192d0000,0x00000000193d0000)]
  0x00000000189d9000 JavaThread "C2 CompilerThread1" daemon [_thread_blocked, id=99792, stack(0x00000000191d0000,0x00000000192d0000)]
  0x00000000189ee800 JavaThread "C2 CompilerThread0" daemon [_thread_blocked, id=80992, stack(0x00000000190d0000,0x00000000191d0000)]
  0x0000000018946000 JavaThread "JDWP Command Reader" daemon [_thread_in_native, id=97728, stack(0x0000000018fd0000,0x00000000190d0000)]
  0x0000000018944800 JavaThread "JDWP Event Helper Thread" daemon [_thread_blocked, id=100220, stack(0x0000000018ed0000,0x0000000018fd0000)]
  0x0000000018936000 JavaThread "JDWP Transport Listener: dt_socket" daemon [_thread_blocked, id=97828, stack(0x0000000018d30000,0x0000000018e30000)]
  0x000000001743b800 JavaThread "Attach Listener" daemon [_thread_blocked, id=84944, stack(0x0000000018830000,0x0000000018930000)]
  0x000000001743a800 JavaThread "Signal Dispatcher" daemon [_thread_blocked, id=67700, stack(0x0000000018730000,0x0000000018830000)]
  0x000000000290c000 JavaThread "Finalizer" daemon [_thread_blocked, id=69900, stack(0x0000000018630000,0x0000000018730000)]
  0x0000000002903000 JavaThread "Reference Handler" daemon [_thread_blocked, id=77396, stack(0x0000000018530000,0x0000000018630000)]
  0x0000000002812800 JavaThread "main" [_thread_blocked, id=93448, stack(0x00000000025a0000,0x00000000026a0000)]

Other Threads:
=>0x00000000173a7800 VMThread [stack: 0x0000000018430000,0x0000000018530000] [id=85132]
  0x0000000018a9b800 WatcherThread [stack: 0x00000000194d0000,0x00000000195d0000] [id=99996]

VM state:at safepoint (normal execution)

VM Mutex/Monitor currently owned by a thread:  ([mutex/lock_event])
[0x000000000259dc60] Threads_lock - owner thread: 0x00000000173a7800

heap address: 0x0000000082200000, size: 2014 MB, Compressed Oops mode: 32-bit
Narrow klass base: 0x0000000000000000, Narrow klass shift: 3
Compressed class space size: 1073741824 Address: 0x0000000100000000

Heap:
 PSYoungGen      total 37888K, used 7238K [0x00000000d6100000, 0x00000000d8b00000, 0x0000000100000000)
  eden space 32768K, 22% used [0x00000000d6100000,0x00000000d6811b50,0x00000000d8100000)
  from space 5120K, 0% used [0x00000000d8600000,0x00000000d8600000,0x00000000d8b00000)
  to   space 5120K, 0% used [0x00000000d8100000,0x00000000d8100000,0x00000000d8600000)
 ParOldGen       total 86016K, used 0K [0x0000000082200000, 0x0000000087600000, 0x00000000d6100000)
  object space 86016K, 0% used [0x0000000082200000,0x0000000082200000,0x0000000087600000)
 Metaspace       used 5628K, capacity 5784K, committed 6016K, reserved 1056768K
  class space    used 613K, capacity 627K, committed 640K, reserved 1048576K

Card table byte_map: [0x0000000011cd0000,0x00000000120c0000] byte_map_base: 0x00000000118bf000

Marking Bits: (ParMarkBitMap*) 0x000000005343af90
 Begin Bits: [0x0000000012760000, 0x00000000146d8000)
 End Bits:   [0x00000000146d8000, 0x0000000016650000)

Polling page: 0x00000000001e0000

CodeCache: size=245760Kb used=1620Kb max_used=1622Kb free=244139Kb
 bounds [0x0000000002910000, 0x0000000002b80000, 0x0000000011910000]
 total_blobs=514 nmethods=216 adapters=219
 compilation: enabled

Compilation events (10 events):
Event: 2455.489 Thread 0x00000000189ee800  212       4       org.eclipse.jdt.launching.internal.org.objectweb.asm.ByteVector::putUTF8 (144 bytes)
Event: 2455.498 Thread 0x00000000189d9000  213       4       org.eclipse.jdt.launching.internal.org.objectweb.asm.ClassReader::readUtf (161 bytes)
Event: 2455.503 Thread 0x00000000189ee800 nmethod 212 0x0000000002aa3e10 code [0x0000000002aa3f80, 0x0000000002aa47c8]
Event: 2455.503 Thread 0x00000000189ee800  214       4       java.util.Arrays::copyOfRange (63 bytes)
Event: 2455.507 Thread 0x00000000189ee800 nmethod 214 0x0000000002aa0b10 code [0x0000000002aa0c60, 0x0000000002aa0e78]
Event: 2455.514 Thread 0x00000000189d9000 nmethod 213 0x0000000002aa1610 code [0x0000000002aa1780, 0x0000000002aa2218]
Event: 2658.607 Thread 0x00000000189de800  215       3       org.eclipse.jdt.launching.internal.org.objectweb.asm.MethodWriter::visitJumpInsn (495 bytes)
Event: 2658.610 Thread 0x00000000189de800 nmethod 215 0x0000000002aa6e90 code [0x0000000002aa71c0, 0x0000000002aa87c8]
Event: 2658.610 Thread 0x00000000189de800  216       3       org.eclipse.jdt.launching.internal.org.objectweb.asm.Label::put (83 bytes)
Event: 2658.610 Thread 0x00000000189de800 nmethod 216 0x0000000002aa35d0 code [0x0000000002aa37a0, 0x0000000002aa3bf8]

GC Heap History (0 events):
No events

Deoptimization events (0 events):
No events

Classes redefined (10 events):
Event: 2177.048 Thread 0x00000000173a7800 redefined class name=three_twenty_eight, count=24
Event: 2230.708 Thread 0x00000000173a7800 redefined class name=three_twenty_eight, count=25
Event: 2233.238 Thread 0x00000000173a7800 redefined class name=three_twenty_eight, count=26
Event: 2296.592 Thread 0x00000000173a7800 redefined class name=three_twenty_eight, count=27
Event: 2315.216 Thread 0x00000000173a7800 redefined class name=three_twenty_eight, count=28
Event: 2357.310 Thread 0x00000000173a7800 redefined class name=three_twenty_eight, count=29
Event: 2423.577 Thread 0x00000000173a7800 redefined class name=three_twenty_eight, count=30
Event: 2455.504 Thread 0x00000000173a7800 redefined class name=three_twenty_eight, count=31
Event: 2478.363 Thread 0x00000000173a7800 redefined class name=three_twenty_eight, count=32
Event: 2658.608 Thread 0x00000000173a7800 redefined class name=three_twenty_eight, count=33

Internal exceptions (6 events):
Event: 0.051 Thread 0x0000000002812800 Exception <a 'java/lang/NoSuchMethodError': Method sun.misc.Unsafe.defineClass(Ljava/lang/String;[BII)Ljava/lang/Class; name or signature does not match> (0x00000000d6107cc0) thrown at [C:\jenkins\workspace\8-2-build-windows-amd64-cygwin\jdk8u251\737\hots
Event: 0.051 Thread 0x0000000002812800 Exception <a 'java/lang/NoSuchMethodError': Method sun.misc.Unsafe.prefetchRead(Ljava/lang/Object;J)V name or signature does not match> (0x00000000d6107fa8) thrown at [C:\jenkins\workspace\8-2-build-windows-amd64-cygwin\jdk8u251\737\hotspot\src\share\vm\p
Event: 0.543 Thread 0x0000000002812800 Exception <a 'java/security/PrivilegedActionException'> (0x00000000d670ac10) thrown at [C:\jenkins\workspace\8-2-build-windows-amd64-cygwin\jdk8u251\737\hotspot\src\share\vm\prims\jvm.cpp, line 1502]
Event: 0.543 Thread 0x0000000002812800 Exception <a 'java/security/PrivilegedActionException'> (0x00000000d670b008) thrown at [C:\jenkins\workspace\8-2-build-windows-amd64-cygwin\jdk8u251\737\hotspot\src\share\vm\prims\jvm.cpp, line 1502]
Event: 0.545 Thread 0x0000000002812800 Exception <a 'java/security/PrivilegedActionException'> (0x00000000d670ee60) thrown at [C:\jenkins\workspace\8-2-build-windows-amd64-cygwin\jdk8u251\737\hotspot\src\share\vm\prims\jvm.cpp, line 1502]
Event: 0.545 Thread 0x0000000002812800 Exception <a 'java/security/PrivilegedActionException'> (0x00000000d670f258) thrown at [C:\jenkins\workspace\8-2-build-windows-amd64-cygwin\jdk8u251\737\hotspot\src\share\vm\prims\jvm.cpp, line 1502]

Events (10 events):
Event: 2478.400 Executing VM operation: GetOwnedMonitorInfo done
Event: 2478.400 Executing VM operation: GetCurrentContendedMonitor
Event: 2478.400 Executing VM operation: GetCurrentContendedMonitor done
Event: 2658.607 Executing VM operation: RedefineClasses
Event: 2658.608 Executing VM operation: RedefineClasses done
Event: 2658.644 Executing VM operation: GetOwnedMonitorInfo
Event: 2658.644 Executing VM operation: GetOwnedMonitorInfo done
Event: 2658.644 Executing VM operation: GetCurrentContendedMonitor
Event: 2658.644 Executing VM operation: GetCurrentContendedMonitor done
Event: 2683.843 Executing VM operation: GetOrSetLocal


Dynamic libraries:
0x00007ff74d920000 - 0x00007ff74d957000 	C:\Program Files\Java\jre1.8.0_251\bin\javaw.exe
0x00007ffa454e0000 - 0x00007ffa456d0000 	C:\Windows\SYSTEM32\ntdll.dll
0x00007ffa44fa0000 - 0x00007ffa45052000 	C:\Windows\System32\KERNEL32.DLL
0x00007ffa42fc0000 - 0x00007ffa43262000 	C:\Windows\System32\KERNELBASE.dll
0x00007ffa45060000 - 0x00007ffa45103000 	C:\Windows\System32\ADVAPI32.dll
0x00007ffa45180000 - 0x00007ffa4521e000 	C:\Windows\System32\msvcrt.dll
0x00007ffa45220000 - 0x00007ffa452b7000 	C:\Windows\System32\sechost.dll
0x00007ffa43c40000 - 0x00007ffa43d60000 	C:\Windows\System32\RPCRT4.dll
0x00007ffa44c00000 - 0x00007ffa44d93000 	C:\Windows\System32\USER32.dll
0x00007ffa424d0000 - 0x00007ffa424f1000 	C:\Windows\System32\win32u.dll
0x00007ffa44f10000 - 0x00007ffa44f36000 	C:\Windows\System32\GDI32.dll
0x00007ffa43400000 - 0x00007ffa43594000 	C:\Windows\System32\gdi32full.dll
0x00007ffa427a0000 - 0x00007ffa4283e000 	C:\Windows\System32\msvcp_win.dll
0x00007ffa42550000 - 0x00007ffa4264a000 	C:\Windows\System32\ucrtbase.dll
0x00007ffa34b80000 - 0x00007ffa34e05000 	C:\Windows\WinSxS\amd64_microsoft.windows.common-controls_6595b64144ccf1df_6.0.18362.30_none_a1435978519dce7f\COMCTL32.dll
0x00007ffa435a0000 - 0x00007ffa438d6000 	C:\Windows\System32\combase.dll
0x00007ffa43370000 - 0x00007ffa433f1000 	C:\Windows\System32\bcryptPrimitives.dll
0x00007ffa44a90000 - 0x00007ffa44abe000 	C:\Windows\System32\IMM32.DLL
0x00000000527a0000 - 0x0000000052872000 	C:\Program Files\Java\jre1.8.0_251\bin\msvcr100.dll
0x0000000052c10000 - 0x00000000534bb000 	C:\Program Files\Java\jre1.8.0_251\bin\server\jvm.dll
0x00007ffa43950000 - 0x00007ffa43958000 	C:\Windows\System32\PSAPI.DLL
0x00007ffa2c010000 - 0x00007ffa2c019000 	C:\Windows\SYSTEM32\WSOCK32.dll
0x00007ffa45110000 - 0x00007ffa4517f000 	C:\Windows\System32\WS2_32.dll
0x00007ffa3ee50000 - 0x00007ffa3ee74000 	C:\Windows\SYSTEM32\WINMM.dll
0x00007ffa3af10000 - 0x00007ffa3af1a000 	C:\Windows\SYSTEM32\VERSION.dll
0x00007ffa3ee20000 - 0x00007ffa3ee4d000 	C:\Windows\SYSTEM32\WINMMBASE.dll
0x00007ffa42500000 - 0x00007ffa4254a000 	C:\Windows\System32\cfgmgr32.dll
0x00007ffa3f130000 - 0x00007ffa3f13f000 	C:\Program Files\Java\jre1.8.0_251\bin\verify.dll
0x00007ffa36950000 - 0x00007ffa36979000 	C:\Program Files\Java\jre1.8.0_251\bin\java.dll
0x00007ffa3bb70000 - 0x00007ffa3bba5000 	C:\Program Files\Java\jre1.8.0_251\bin\jdwp.dll
0x00007ffa3f150000 - 0x00007ffa3f158000 	C:\Program Files\Java\jre1.8.0_251\bin\npt.dll
0x00007ffa3bb40000 - 0x00007ffa3bb63000 	C:\Program Files\Java\jre1.8.0_251\bin\instrument.dll
0x00007ffa3da20000 - 0x00007ffa3da36000 	C:\Program Files\Java\jre1.8.0_251\bin\zip.dll
0x00007ffa441d0000 - 0x00007ffa448b0000 	C:\Windows\System32\SHELL32.dll
0x00007ffa44da0000 - 0x00007ffa44e49000 	C:\Windows\System32\shcore.dll
0x00007ffa42840000 - 0x00007ffa42fbb000 	C:\Windows\System32\windows.storage.dll
0x00007ffa42400000 - 0x00007ffa4241f000 	C:\Windows\System32\profapi.dll
0x00007ffa42420000 - 0x00007ffa4246a000 	C:\Windows\System32\powrprof.dll
0x00007ffa423b0000 - 0x00007ffa423c0000 	C:\Windows\System32\UMPDC.dll
0x00007ffa43960000 - 0x00007ffa439b2000 	C:\Windows\System32\shlwapi.dll
0x00007ffa423e0000 - 0x00007ffa423f1000 	C:\Windows\System32\kernel.appcore.dll
0x00007ffa432a0000 - 0x00007ffa432b7000 	C:\Windows\System32\cryptsp.dll
0x00007ffa3eef0000 - 0x00007ffa3eef9000 	C:\Program Files\Java\jre1.8.0_251\bin\dt_socket.dll
0x00007ffa29ee0000 - 0x00007ffa29ef6000 	C:\Windows\system32\napinsp.dll
0x00007ffa29ec0000 - 0x00007ffa29eda000 	C:\Windows\system32\pnrpnsp.dll
0x00007ffa41c20000 - 0x00007ffa41c87000 	C:\Windows\System32\mswsock.dll
0x00007ffa419c0000 - 0x00007ffa41a8a000 	C:\Windows\SYSTEM32\DNSAPI.dll
0x00007ffa44f00000 - 0x00007ffa44f08000 	C:\Windows\System32\NSI.dll
0x00007ffa41980000 - 0x00007ffa419ba000 	C:\Windows\SYSTEM32\IPHLPAPI.DLL
0x00007ffa29eb0000 - 0x00007ffa29ebe000 	C:\Windows\System32\winrnr.dll
0x00007ffa3f060000 - 0x00007ffa3f07c000 	C:\Windows\system32\NLAapi.dll
0x00007ffa2c150000 - 0x00007ffa2c165000 	C:\Windows\system32\wshbth.dll
0x00000000534e0000 - 0x0000000053506000 	C:\Program Files\Bonjour\mdnsNSP.dll
0x00007ffa3a510000 - 0x00007ffa3a587000 	C:\Windows\System32\fwpuclnt.dll
0x00007ffa43270000 - 0x00007ffa43296000 	C:\Windows\System32\bcrypt.dll
0x00007ffa36010000 - 0x00007ffa3601a000 	C:\Windows\System32\rasadhlp.dll

VM Arguments:
jvm_args: -agentlib:jdwp=transport=dt_socket,suspend=y,address=localhost:57621 -javaagent:D:\eclipse\java-2020-03\eclipse\configuration\org.eclipse.osgi\223\0\.cp\lib\javaagent-shaded.jar -Dfile.encoding=GBK 
java_command: three_twenty_eight
java_class_path (initial): C:\Users\Admin\Desktop\JAVA_afterclass_excersices\Page94\bin;D:\eclipse\java-2020-03\eclipse\configuration\org.eclipse.osgi\223\0\.cp\lib\javaagent-shaded.jar
Launcher Type: SUN_STANDARD

Environment Variables:
JAVA_HOME=C:\Program Files\Java\jdk1.8.0_251
PATH=C:/Program Files/Java/jre1.8.0_251/bin/server;C:/Program Files/Java/jre1.8.0_251/bin;C:/Program Files/Java/jre1.8.0_251/lib/amd64;C:\Program Files (x86)\Common Files\Oracle\Java\javapath;C:\Windows\system32;C:\Windows;C:\Windows\System32\Wbem;C:\Windows\System32\WindowsPowerShell\v1.0\;C:\Windows\System32\OpenSSH\;D:\Git\cmd;C:\Go\bin;C:\Program Files\MySQL\MySQL Server 5.7\bin;C:\Program Files\Java\jdk1.8.0_251\bin;C:\Program Files\MySQL\MySQL Shell 8.0\bin\;C:\Windows\System32;
USERNAME=Admin
OS=Windows_NT
PROCESSOR_IDENTIFIER=Intel64 Family 6 Model 142 Stepping 9, GenuineIntel



---------------  S Y S T E M  ---------------

OS: Windows 10.0 , 64 bit Build 18362 (10.0.18362.1)

CPU:total 4 (initial active 4) (2 cores per cpu, 2 threads per core) family 6 model 142 stepping 9, cmov, cx8, fxsr, mmx, sse, sse2, sse3, ssse3, sse4.1, sse4.2, popcnt, avx, avx2, aes, clmul, erms, 3dnowpref, lzcnt, ht, tsc, tscinvbit, bmi1, bmi2, adx

Memory: 4k page, physical 8243596k(4327708k free), swap 8767884k(3576960k free)

vm_info: Java HotSpot(TM) 64-Bit Server VM (25.251-b08) for windows-amd64 JRE (1.8.0_251-b08), built on Mar 12 2020 06:31:49 by "" with MS VC++ 10.0 (VS2010)

time: Fri Jun 19 17:15:28 2020
timezone: 中国标准时间
elapsed time: 2683 seconds (0d 0h 44m 43s)

